<?xml version="1.0" encoding="UTF-8"?>
<testng-results total="2" passed="2" failed="0" skipped="0">
  <reporter-output>
  </reporter-output>
  <suite started-at="2020-08-10T15:24:20Z" name="Suite" finished-at="2020-08-10T15:24:42Z" duration-ms="21523">
    <groups>
    </groups>
    <test started-at="2020-08-10T15:24:20Z" name="Test" finished-at="2020-08-10T15:24:42Z" duration-ms="21523">
      <class name="frameworkstc.login">
        <test-method signature="openpage()[pri:0, instance:frameworkstc.login@30b19518]" started-at="2020-08-10T20:54:32Z" name="openpage" finished-at="2020-08-10T20:54:42Z" duration-ms="10108" status="PASS">
          <reporter-output>
          </reporter-output>
        </test-method> <!-- openpage -->
      </class> <!-- frameworkstc.login -->
      <class name="frameworkstc.propertiespagelogin">
        <test-method signature="proplogin()[pri:0, instance:frameworkstc.propertiespagelogin@23aa363a]" started-at="2020-08-10T20:54:20Z" name="proplogin" finished-at="2020-08-10T20:54:32Z" duration-ms="11406" status="PASS">
          <reporter-output>
          </reporter-output>
        </test-method> <!-- proplogin -->
      </class> <!-- frameworkstc.propertiespagelogin -->
    </test> <!-- Test -->
  </suite> <!-- Suite -->
</testng-results>
